build/outputs/logs/manifest-merger-debug-report.txt
-- Merging decision tree log ---
manifest
ADDED from private/RedEnvelopeHelper/AndroidManifest.xml:2:1-48:12
	xmlns:android
		ADDED from private/RedEnvelopeHelper/AndroidManifest.xml:2:11-69
	package
		ADDED from private/RedEnvelopeHelper/AndroidManifest.xml:3:5-34
	android:versionName
		ADDED from private/RedEnvelopeHelper/AndroidManifest.xml:5:5-30
		INJECTED from private/RedEnvelopeHelper/AndroidManifest.xml
		INJECTED from private/RedEnvelopeHelper/AndroidManifest.xml
	android:versionCode
		ADDED from private/RedEnvelopeHelper/AndroidManifest.xml:4:5-28
		INJECTED from private/RedEnvelopeHelper/AndroidManifest.xml
		INJECTED from private/RedEnvelopeHelper/AndroidManifest.xml
uses-sdk
ADDED from private/RedEnvelopeHelper/AndroidManifest.xml:7:5-9:41
	android:targetSdkVersion
		ADDED from private/RedEnvelopeHelper/AndroidManifest.xml:9:9-38
	android:minSdkVersion
		ADDED from private/RedEnvelopeHelper/AndroidManifest.xml:8:9-35
application
ADDED from private/RedEnvelopeHelper/AndroidManifest.xml:11:5-40:19
	android:label
		ADDED from private/RedEnvelopeHelper/AndroidManifest.xml:14:9-41
	android:allowBackup
		ADDED from private/RedEnvelopeHelper/AndroidManifest.xml:12:9-35
	android:icon
		ADDED from private/RedEnvelopeHelper/AndroidManifest.xml:13:9-45
	android:theme
		ADDED from private/RedEnvelopeHelper/AndroidManifest.xml:15:9-40
activity#com.amazing.welfare.MainActivity
ADDED from private/RedEnvelopeHelper/AndroidManifest.xml:16:9-24:20
	android:label
		ADDED from private/RedEnvelopeHelper/AndroidManifest.xml:18:13-45
	android:name
		ADDED from private/RedEnvelopeHelper/AndroidManifest.xml:17:13-41
intent-filter#android.intent.action.MAIN+android.intent.category.LAUNCHER
ADDED from private/RedEnvelopeHelper/AndroidManifest.xml:19:13-23:29
action#android.intent.action.MAIN
ADDED from private/RedEnvelopeHelper/AndroidManifest.xml:20:17-69
	android:name
		ADDED from private/RedEnvelopeHelper/AndroidManifest.xml:20:25-66
category#android.intent.category.LAUNCHER
ADDED from private/RedEnvelopeHelper/AndroidManifest.xml:22:17-77
	android:name
		ADDED from private/RedEnvelopeHelper/AndroidManifest.xml:22:27-74
service#com.amazing.welfare.CoreService
ADDED from private/RedEnvelopeHelper/AndroidManifest.xml:25:7-36:18
	android:exported
		ADDED from private/RedEnvelopeHelper/AndroidManifest.xml:27:13-36
	android:enabled
		ADDED from private/RedEnvelopeHelper/AndroidManifest.xml:26:13-35
	android:permission
		ADDED from private/RedEnvelopeHelper/AndroidManifest.xml:29:13-79
	android:name
		ADDED from private/RedEnvelopeHelper/AndroidManifest.xml:28:13-40
intent-filter#android.accessibilityservice.AccessibilityService
ADDED from private/RedEnvelopeHelper/AndroidManifest.xml:30:13-32:29
action#android.accessibilityservice.AccessibilityService
ADDED from private/RedEnvelopeHelper/AndroidManifest.xml:31:17-91
	android:name
		ADDED from private/RedEnvelopeHelper/AndroidManifest.xml:31:25-89
meta-data#android.accessibilityservice
ADDED from private/RedEnvelopeHelper/AndroidManifest.xml:33:13-35:57
	android:resource
		ADDED from private/RedEnvelopeHelper/AndroidManifest.xml:35:17-55
	android:name
		ADDED from private/RedEnvelopeHelper/AndroidManifest.xml:34:17-60
service#com.amazing.welfare.UnlockScreenService
ADDED from private/RedEnvelopeHelper/AndroidManifest.xml:37:8-63
	android:name
		ADDED from private/RedEnvelopeHelper/AndroidManifest.xml:37:17-52
meta-data#UMENG_APPKEY
ADDED from private/RedEnvelopeHelper/AndroidManifest.xml:38:9-101
	android:name
		ADDED from private/RedEnvelopeHelper/AndroidManifest.xml:38:61-88
	android:value
		ADDED from private/RedEnvelopeHelper/AndroidManifest.xml:38:20-60
meta-data#UMENG_CHANNEL
ADDED from private/RedEnvelopeHelper/AndroidManifest.xml:39:9-71
	android:name
		ADDED from private/RedEnvelopeHelper/AndroidManifest.xml:39:41-69
	android:value
		ADDED from private/RedEnvelopeHelper/AndroidManifest.xml:39:20-40
uses-permission#android.permission.WAKE_LOCK
ADDED from private/RedEnvelopeHelper/AndroidManifest.xml:41:6-68
	android:name
		ADDED from private/RedEnvelopeHelper/AndroidManifest.xml:41:23-66
uses-permission#android.permission.DISABLE_KEYGUARD
ADDED from private/RedEnvelopeHelper/AndroidManifest.xml:42:7-76
	android:name
		ADDED from private/RedEnvelopeHelper/AndroidManifest.xml:42:24-74
uses-permission#android.permission.ACCESS_NETWORK_STATE
ADDED from private/RedEnvelopeHelper/AndroidManifest.xml:43:5-95
	android:name
		ADDED from private/RedEnvelopeHelper/AndroidManifest.xml:43:22-76
uses-permission#android.permission.ACCESS_WIFI_STATE
ADDED from private/RedEnvelopeHelper/AndroidManifest.xml:44:5-76
	android:name
		ADDED from private/RedEnvelopeHelper/AndroidManifest.xml:44:22-73
uses-permission#android.permission.INTERNET
ADDED from private/RedEnvelopeHelper/AndroidManifest.xml:45:5-83
	android:name
		ADDED from private/RedEnvelopeHelper/AndroidManifest.xml:45:22-64
uses-permission#android.permission.READ_PHONE_STATE
ADDED from private/RedEnvelopeHelper/AndroidManifest.xml:46:5-91
	android:name
		ADDED from private/RedEnvelopeHelper/AndroidManifest.xml:46:22-72